<?xml version="1.0" encoding="UTF-8"?>
<!-- Generated by org.testng.reporters.JUnitReportReporter -->
<testsuite skipped="0" hostname="User-PC" name="tstNGpack.ScrollIn" tests="1" failures="0" timestamp="25 Mar 2019 06:31:33 GMT" time="113.417" errors="0">
  <testcase name="scrollIn" time="113.417" classname="tstNGpack.ScrollIn"/>
</testsuite> <!-- tstNGpack.ScrollIn -->
